

HI-TECH Software PIC LITE Macro Assembler V9.83 build 10920 
                                                                                               Mon Apr 11 09:28:20 2022

HI-TECH Software Omniscient Code Generator (Lite mode) build 10920
     1  0000                     opt subtitle "HI-TECH Software Omniscient Code Generator (Lite mode) build 10920"
     2                           
     3                           opt pagewidth 120
     4                           
     5                           	opt lm
     6                           
     7                           	processor	16F877A
     8                           clrc	macro
     9                           	bcf	3,0
    10  0000                     	endm
    11                           clrz	macro
    12                           	bcf	3,2
    13  0000                     	endm
    14                           setc	macro
    15                           	bsf	3,0
    16  0000                     	endm
    17                           setz	macro
    18                           	bsf	3,2
    19  0000                     	endm
    20                           skipc	macro
    21                           	btfss	3,0
    22  0000                     	endm
    23                           skipz	macro
    24                           	btfss	3,2
    25  0000                     	endm
    26                           skipnc	macro
    27                           	btfsc	3,0
    28  0000                     	endm
    29                           skipnz	macro
    30                           	btfsc	3,2
    31  0000                     	endm
    32  0000                     indf	equ	0
    33  0000                     indf0	equ	0
    34  0002                     pc	equ	2
    35  0002                     pcl	equ	2
    36  0003                     status	equ	3
    37  0004                     fsr	equ	4
    38  0004                     fsr0	equ	4
    39  0001                     c	equ	1
    40  0000                     z	equ	0
    41  000A                     pclath	equ	10
    42                           # 3 "C:\Users\abdal\Desktop\University\Year 4\Second Semester\Real Time Lab\Experiments 
                                 and Codes\exp4\Exp4\PWM\pwm.c"
    43                           	psect config,class=CONFIG,delta=2 ;#
    44                           # 3 "C:\Users\abdal\Desktop\University\Year 4\Second Semester\Real Time Lab\Experiments 
                                 and Codes\exp4\Exp4\PWM\pwm.c"
    45  2007  FF7A               	dw 0xFFFF & 0xFFFB & 0xFF7F & 0xFFFE & 0xFFFF ;#
    46                           	FNROOT	_main
    47                           	global	exp@coeff
    48                           psect	strings,class=STRING,delta=2
    49                           global __pstrings
    50  0003                     __pstrings:
    51                           ;	global	stringdir,stringtab,__stringbase
    52  0003                     stringtab:
    53                           ;	String table - string pointers are 1 byte each
    54  0003                     stringcode:stringdir:
      + 0003                     stringdir:	
    55  0003  3000               movlw high(stringdir)
    56  0004  008A               movwf pclath
    57  0005  0804               movf fsr,w
    58  0006  0A84               incf fsr
    59  0007  0782               	addwf pc
    60  0008                     __stringbase:
    61  0008  3400               	retlw	0
    62                           psect	strings
    63                           	file	"C:\Program Files (x86)\HI-TECH Software\PICC\9.83\sources\exp.c"
    64                           	line	17
    65  0009                     exp@coeff:
    66  0009  3400               	retlw	0x0
    67  000A  3480               	retlw	0x80
    68  000B  343F               	retlw	0x3f
    69                           
    70  000C  3472               	retlw	0x72
    71  000D  3431               	retlw	0x31
    72  000E  343F               	retlw	0x3f
    73                           
    74  000F  34FE               	retlw	0xfe
    75  0010  3475               	retlw	0x75
    76  0011  343E               	retlw	0x3e
    77                           
    78  0012  3458               	retlw	0x58
    79  0013  3463               	retlw	0x63
    80  0014  343D               	retlw	0x3d
    81                           
    82  0015  3495               	retlw	0x95
    83  0016  341D               	retlw	0x1d
    84  0017  343C               	retlw	0x3c
    85                           
    86  0018  34C5               	retlw	0xc5
    87  0019  34AE               	retlw	0xae
    88  001A  343A               	retlw	0x3a
    89                           
    90  001B  3479               	retlw	0x79
    91  001C  3421               	retlw	0x21
    92  001D  3439               	retlw	0x39
    93                           
    94  001E  3494               	retlw	0x94
    95  001F  3480               	retlw	0x80
    96  0020  3437               	retlw	0x37
    97                           
    98  0021  3493               	retlw	0x93
    99  0022  34A7               	retlw	0xa7
   100  0023  3435               	retlw	0x35
   101                           
   102  0024  3456               	retlw	0x56
   103  0025  3415               	retlw	0x15
   104  0026  3434               	retlw	0x34
   105                           
   106                           	global	log@coeff
   107                           psect	strings
   108                           	file	"C:\Program Files (x86)\HI-TECH Software\PICC\9.83\sources\log.c"
   109                           	line	9
   110  0027                     log@coeff:
   111  0027  3400               	retlw	0x0
   112  0028  3400               	retlw	0x0
   113  0029  3400               	retlw	0x0
   114                           
   115  002A  3400               	retlw	0x0
   116  002B  3480               	retlw	0x80
   117  002C  343F               	retlw	0x3f
   118                           
   119  002D  34F0               	retlw	0xf0
   120  002E  34FF               	retlw	0xff
   121  002F  34BE               	retlw	0xbe
   122                           
   123  0030  34E2               	retlw	0xe2
   124  0031  34A9               	retlw	0xa9
   125  0032  343E               	retlw	0x3e
   126                           
   127  0033  3483               	retlw	0x83
   128  0034  3476               	retlw	0x76
   129  0035  34BE               	retlw	0xbe
   130                           
   131  0036  34AE               	retlw	0xae
   132  0037  342B               	retlw	0x2b
   133  0038  343E               	retlw	0x3e
   134                           
   135  0039  343C               	retlw	0x3c
   136  003A  34C3               	retlw	0xc3
   137  003B  34BD               	retlw	0xbd
   138                           
   139  003C  34D2               	retlw	0xd2
   140  003D  3413               	retlw	0x13
   141  003E  343D               	retlw	0x3d
   142                           
   143  003F  3478               	retlw	0x78
   144  0040  34D3               	retlw	0xd3
   145  0041  34BB               	retlw	0xbb
   146                           
   147                           	global	exp@coeff
   148                           	global	log@coeff
   149                           	global	_errno
   150                           	global	_i
   151                           	global	_CCP1CON
   152  0017                     _CCP1CON	set	23
   153                           	global	_CCPR1L
   154  0015                     _CCPR1L	set	21
   155                           	global	_PORTC
   156  0007                     _PORTC	set	7
   157                           	global	_PORTD
   158  0008                     _PORTD	set	8
   159                           	global	_T2CON
   160  0012                     _T2CON	set	18
   161                           	global	_CARRY
   162  0018                     _CARRY	set	24
   163                           	global	_GIE
   164  005F                     _GIE	set	95
   165                           	global	_RE0
   166  0048                     _RE0	set	72
   167                           	global	_RE1
   168  0049                     _RE1	set	73
   169                           	global	_PR2
   170  0092                     _PR2	set	146
   171                           	global	_TRISC
   172  0087                     _TRISC	set	135
   173                           	global	_EEADR
   174  010D                     _EEADR	set	269
   175                           	global	_EEDATA
   176  010C                     _EEDATA	set	268
   177                           	global	_EECON1
   178  018C                     _EECON1	set	396
   179                           	global	_EECON2
   180  018D                     _EECON2	set	397
   181                           	global	_RD
   182  0C60                     _RD	set	3168
   183                           	global	_WR
   184  0C61                     _WR	set	3169
   185                           	global	_WREN
   186  0C62                     _WREN	set	3170
   187                           	file	"exp4 pwm.as"
   188                           	line	#
   189                           psect cinit,class=CODE,delta=2
   190                           global start_initialization
   191  07E1                     start_initialization:
   192                           
   193                           psect	bssCOMMON,class=COMMON,space=1
   194                           global __pbssCOMMON
   195  0070                     __pbssCOMMON:
   196  0070                     _errno:
   197  0070                            ds      2
   198                           
   199  0072                     _i:
   200  0072                            ds      2
   201                           
   202                           ; Clear objects allocated to COMMON
   203                           psect cinit,class=CODE,delta=2
   204  07E1  01F0               	clrf	((__pbssCOMMON)+0)&07Fh
   205  07E2  01F1               	clrf	((__pbssCOMMON)+1)&07Fh
   206  07E3  01F2               	clrf	((__pbssCOMMON)+2)&07Fh
   207  07E4  01F3               	clrf	((__pbssCOMMON)+3)&07Fh
   208                           psect cinit,class=CODE,delta=2
   209                           global end_of_initialization
   210                           
   211                           ;End of C runtime variable initialization code
   212                           
   213  07E5                     end_of_initialization:
   214  07E5  0183               clrf status
   215  07E6  120A  118A  2FE9   ljmp _main	;jump to C main() function
   216                           psect	cstackCOMMON,class=COMMON,space=1
   217                           global __pcstackCOMMON
   218  0000                     __pcstackCOMMON:
   219                           	global	?_main
   220  0000                     ?_main:	; 0 bytes @ 0x0
   221                           	global	??_main
   222  0000                     ??_main:	; 0 bytes @ 0x0
   223 ;;Data sizes: Strings 0, constant 57, data 0, bss 4, persistent 0 stack 0
   224 ;;Auto spaces:   Size  Autos    Used
   225 ;; COMMON          14      0       4
   226 ;; BANK0           80      0       0
   227 ;; BANK1           80      0       0
   228 ;; BANK3           96      0       0
   229 ;; BANK2           96      0       0
   230                           
   231 ;;
   232 ;; Pointer list with targets:
   233                           
   234                           
   235                           
   236 ;;
   237 ;; Critical Paths under _main in COMMON
   238 ;;
   239 ;;   None.
   240 ;;
   241 ;; Critical Paths under _main in BANK0
   242 ;;
   243 ;;   None.
   244 ;;
   245 ;; Critical Paths under _main in BANK1
   246 ;;
   247 ;;   None.
   248 ;;
   249 ;; Critical Paths under _main in BANK3
   250 ;;
   251 ;;   None.
   252 ;;
   253 ;; Critical Paths under _main in BANK2
   254 ;;
   255 ;;   None.
   256                           
   257 ;;
   258 ;;Main: autosize = 0, tempsize = 0, incstack = 0, save=0
   259 ;;
   260                           
   261 ;;
   262 ;;Call Graph Tables:
   263 ;;
   264 ;; ---------------------------------------------------------------------------------
   265 ;; (Depth) Function   	        Calls       Base Space   Used Autos Params    Refs
   266 ;; ---------------------------------------------------------------------------------
   267 ;; (0) _main                                                 0     0      0       0
   268 ;; ---------------------------------------------------------------------------------
   269 ;; Estimated maximum stack depth 0
   270 ;; ---------------------------------------------------------------------------------
   271                           
   272 ;; Call Graph Graphs:
   273                           
   274 ;; _main (ROOT)
   275 ;;
   276                           
   277 ;; Address spaces:
   278                           
   279 ;;Name               Size   Autos  Total    Cost      Usage
   280 ;;BITCOMMON            E      0       0       0        0.0%
   281 ;;EEDATA             100      0       0       0        0.0%
   282 ;;NULL                 0      0       0       0        0.0%
   283 ;;CODE                 0      0       0       0        0.0%
   284 ;;COMMON               E      0       4       1       28.6%
   285 ;;BITSFR0              0      0       0       1        0.0%
   286 ;;SFR0                 0      0       0       1        0.0%
   287 ;;BITSFR1              0      0       0       2        0.0%
   288 ;;SFR1                 0      0       0       2        0.0%
   289 ;;STACK                0      0       0       2        0.0%
   290 ;;ABS                  0      0       4       3        0.0%
   291 ;;BITBANK0            50      0       0       4        0.0%
   292 ;;BITSFR3              0      0       0       4        0.0%
   293 ;;SFR3                 0      0       0       4        0.0%
   294 ;;BANK0               50      0       0       5        0.0%
   295 ;;BITSFR2              0      0       0       5        0.0%
   296 ;;SFR2                 0      0       0       5        0.0%
   297 ;;BITBANK1            50      0       0       6        0.0%
   298 ;;BANK1               50      0       0       7        0.0%
   299 ;;BITBANK3            60      0       0       8        0.0%
   300 ;;BANK3               60      0       0       9        0.0%
   301 ;;BITBANK2            60      0       0      10        0.0%
   302 ;;BANK2               60      0       0      11        0.0%
   303 ;;DATA                 0      0       4      12        0.0%
   304                           
   305                           	global	_main
   306                           psect	maintext,global,class=CODE,delta=2
   307                           global __pmaintext
   308  07E9                     __pmaintext:
   309                           
   310 ;; *************** function _main *****************
   311 ;; Defined at:
   312 ;;		line 6 in file "C:\Users\abdal\Desktop\University\Year 4\Second Semester\Real Time Lab\Experiments and Codes\exp4\Ex
       p4\PWM\pwm.c"
   313 ;; Parameters:    Size  Location     Type
   314 ;;		None
   315 ;; Auto vars:     Size  Location     Type
   316 ;;		None
   317 ;; Return value:  Size  Location     Type
   318 ;;		None               void
   319 ;; Registers used:
   320 ;;		wreg, status,2
   321 ;; Tracked objects:
   322 ;;		On entry : 17F/0
   323 ;;		On exit  : 0/0
   324 ;;		Unchanged: 0/0
   325 ;; Data sizes:     COMMON   BANK0   BANK1   BANK3   BANK2
   326 ;;      Params:         0       0       0       0       0
   327 ;;      Locals:         0       0       0       0       0
   328 ;;      Temps:          0       0       0       0       0
   329 ;;      Totals:         0       0       0       0       0
   330 ;;Total ram usage:        0 bytes
   331 ;; This function calls:
   332 ;;		Nothing
   333 ;; This function is called by:
   334 ;;		Startup code after reset
   335 ;; This function uses a non-reentrant model
   336 ;;
   337                           psect	maintext
   338                           	file	"C:\Users\abdal\Desktop\University\Year 4\Second Semester\Real Time Lab\Experiment
                                 s and Codes\exp4\Exp4\PWM\pwm.c"
   339                           	line	6
   340                           	global	__size_of_main
   341  0017                     	__size_of_main	equ	__end_of_main-_main
   342                           	
   343  07E9                     _main:	
   344                           	opt	stack 8
   345                           ; Regs used in _main: [wreg+status,2]
   346                           	line	7
   347                           	
   348  07E9                     l3965:	
   349                           ;pwm.c: 7: TRISC = 0 ;
   350  07E9  1683               	bsf	status, 5	;RP0=1, select bank1
   351  07EA  1303               	bcf	status, 6	;RP1=0, select bank1
   352  07EB  0187               	clrf	(135)^080h	;volatile
   353                           	line	8
   354                           ;pwm.c: 8: PORTC = 0 ;
   355  07EC  1283               	bcf	status, 5	;RP0=0, select bank0
   356  07ED  1303               	bcf	status, 6	;RP1=0, select bank0
   357  07EE  0187               	clrf	(7)	;volatile
   358                           	line	12
   359                           	
   360  07EF                     l3967:	
   361                           ;pwm.c: 12: PR2 = 99;
   362  07EF  3063               	movlw	(063h)
   363  07F0  1683               	bsf	status, 5	;RP0=1, select bank1
   364  07F1  1303               	bcf	status, 6	;RP1=0, select bank1
   365  07F2  0092               	movwf	(146)^080h	;volatile
   366                           	line	13
   367                           	
   368  07F3                     l3969:	
   369                           ;pwm.c: 13: T2CON = 0b00000100;
   370  07F3  3004               	movlw	(04h)
   371  07F4  1283               	bcf	status, 5	;RP0=0, select bank0
   372  07F5  1303               	bcf	status, 6	;RP1=0, select bank0
   373  07F6  0092               	movwf	(18)	;volatile
   374                           	line	15
   375                           	
   376  07F7                     l3971:	
   377                           ;pwm.c: 15: CCP1CON = 0b00001100;
   378  07F7  300C               	movlw	(0Ch)
   379  07F8  0097               	movwf	(23)	;volatile
   380  07F9  2FFA               	goto	l3973
   381                           	line	19
   382                           ;pwm.c: 19: for(;;){
   383                           	
   384  07FA                     l1414:	
   385                           	line	25
   386                           	
   387  07FA                     l3973:	
   388                           ;pwm.c: 25: CCPR1L = 0b01010000;
   389  07FA  3050               	movlw	(050h)
   390  07FB  0095               	movwf	(21)	;volatile
   391                           	line	26
   392                           ;pwm.c: 26: }
   393  07FC  2FFA               	goto	l3973
   394                           	
   395  07FD                     l1415:	
   396                           	line	27
   397                           	
   398  07FD                     l1416:	
   399                           	global	start
   400  07FD  120A  118A  2800   	ljmp	start
   401                           	opt stack 0
   402                           GLOBAL	__end_of_main
   403  0800                     	__end_of_main:
   404 ;; =============== function _main ends ============
   405                           
   406                           	signat	_main,88
   407                           psect	maintext
   408                           	global	btemp
   409  007E                     	btemp set 07Eh
   410                           
   411                           	DABS	1,126,2	;btemp
   412                           	global	wtemp0
   413  007E                     	wtemp0 set btemp


HI-TECH Software PICC Macro Assembler V9.83 build 10920 
Symbol Table                                                                                   Mon Apr 11 09:28:20 2022

                   _i 0072                     pc 0002                    _RD 0C60                    _WR 0C61  
                  fsr 0004                   _GIE 005F                   _RE0 0048                   _RE1 0049  
                 _PR2 0092                  l1414 07FA                  l1415 07FD                  l1416 07FD  
                l3971 07F7                  l3973 07FA                  l3965 07E9                  l3967 07EF  
                l3969 07F3                  _WREN 0C62                  _main 07E9                  btemp 007E  
                start 0000                 ?_main 0000                 _EEADR 010D                 _CARRY 0018  
               _T2CON 0012                 _PORTC 0007                 _PORTD 0008                 _TRISC 0087  
               _errno 0070                 pclath 000A                 status 0003                 wtemp0 007E  
        __end_of_main 0800                ??_main 0000                _EEDATA 010C                _CCPR1L 0015  
              _EECON1 018C                _EECON2 018D        __pcstackCOMMON 0000            __pmaintext 07E9  
             _CCP1CON 0017  end_of_initialization 07E5   start_initialization 07E1           __pbssCOMMON 0070  
           __pstrings 0003           __stringbase 0008         __size_of_main 0017              exp@coeff 0009  
            log@coeff 0027             stringcode 0003              stringdir 0003              stringtab 0003  
