

HI-TECH Software PIC LITE Macro Assembler V9.83 build 10920 
                                                                                               Wed Mar 23 02:00:27 2022

HI-TECH Software Omniscient Code Generator (Lite mode) build 10920
     1  0000                     opt subtitle "HI-TECH Software Omniscient Code Generator (Lite mode) build 10920"
     2                           
     3                           opt pagewidth 120
     4                           
     5                           	opt lm
     6                           
     7                           	processor	16F877A
     8                           clrc	macro
     9                           	bcf	3,0
    10  0000                     	endm
    11                           clrz	macro
    12                           	bcf	3,2
    13  0000                     	endm
    14                           setc	macro
    15                           	bsf	3,0
    16  0000                     	endm
    17                           setz	macro
    18                           	bsf	3,2
    19  0000                     	endm
    20                           skipc	macro
    21                           	btfss	3,0
    22  0000                     	endm
    23                           skipz	macro
    24                           	btfss	3,2
    25  0000                     	endm
    26                           skipnc	macro
    27                           	btfsc	3,0
    28  0000                     	endm
    29                           skipnz	macro
    30                           	btfsc	3,2
    31  0000                     	endm
    32  0000                     indf	equ	0
    33  0000                     indf0	equ	0
    34  0002                     pc	equ	2
    35  0002                     pcl	equ	2
    36  0003                     status	equ	3
    37  0004                     fsr	equ	4
    38  0004                     fsr0	equ	4
    39  0001                     c	equ	1
    40  0000                     z	equ	0
    41  000A                     pclath	equ	10
    42                           # 4 "C:\Users\abdal\Desktop\University\Year 4\Second Semester\Real Time Lab\Experiments 
                                 and Codes\exp1\ledsDemo\ledf.c"
    43                           	psect config,class=CONFIG,delta=2 ;#
    44                           # 4 "C:\Users\abdal\Desktop\University\Year 4\Second Semester\Real Time Lab\Experiments 
                                 and Codes\exp1\ledsDemo\ledf.c"
    45  2007  FF7A               	dw 0xFFFF & 0xFFFB & 0xFF7F & 0xFFFE & 0xFFFF ;#
    46                           	FNCALL	_main,_DelaySec
    47                           	FNCALL	_DelaySec,_DelayMs
    48                           	FNROOT	_main
    49                           	global	_PORTB
    50                           psect	maintext,global,class=CODE,delta=2
    51                           global __pmaintext
    52  07C0                     __pmaintext:
    53  0006                     _PORTB	set	6
    54                           	global	_CARRY
    55  0018                     _CARRY	set	24
    56                           	global	_GIE
    57  005F                     _GIE	set	95
    58                           	global	_TRISB
    59  0086                     _TRISB	set	134
    60                           	global	_EEADR
    61  010D                     _EEADR	set	269
    62                           	global	_EEDATA
    63  010C                     _EEDATA	set	268
    64                           	global	_EECON1
    65  018C                     _EECON1	set	396
    66                           	global	_EECON2
    67  018D                     _EECON2	set	397
    68                           	global	_RD
    69  0C60                     _RD	set	3168
    70                           	global	_WR
    71  0C61                     _WR	set	3169
    72                           	global	_WREN
    73  0C62                     _WREN	set	3170
    74                           	file	"ledsDemo.as"
    75                           	line	#
    76                           psect cinit,class=CODE,delta=2
    77                           global start_initialization
    78  077B                     start_initialization:
    79                           
    80                           psect cinit,class=CODE,delta=2
    81                           global end_of_initialization
    82                           
    83                           ;End of C runtime variable initialization code
    84                           
    85  077B                     end_of_initialization:
    86  077B  0183               clrf status
    87  077C  120A  118A  2FC0   ljmp _main	;jump to C main() function
    88                           psect	cstackCOMMON,class=COMMON,space=1
    89                           global __pcstackCOMMON
    90  0070                     __pcstackCOMMON:
    91                           	global	?_DelayMs
    92  0070                     ?_DelayMs:	; 0 bytes @ 0x0
    93                           	global	??_DelayMs
    94  0070                     ??_DelayMs:	; 0 bytes @ 0x0
    95                           	global	?_main
    96  0070                     ?_main:	; 0 bytes @ 0x0
    97  0070                     	ds	1
    98                           	global	DelayMs@cnt
    99  0071                     DelayMs@cnt:	; 1 bytes @ 0x1
   100  0071                     	ds	1
   101                           	global	DelayMs@i
   102  0072                     DelayMs@i:	; 1 bytes @ 0x2
   103  0072                     	ds	1
   104                           	global	DelayMs@_dcnt
   105  0073                     DelayMs@_dcnt:	; 1 bytes @ 0x3
   106  0073                     	ds	1
   107                           	global	?_DelaySec
   108  0074                     ?_DelaySec:	; 0 bytes @ 0x4
   109                           	global	DelaySec@sec
   110  0074                     DelaySec@sec:	; 2 bytes @ 0x4
   111  0074                     	ds	2
   112                           	global	??_DelaySec
   113  0076                     ??_DelaySec:	; 0 bytes @ 0x6
   114  0076                     	ds	1
   115                           	global	DelaySec@i
   116  0077                     DelaySec@i:	; 2 bytes @ 0x7
   117  0077                     	ds	2
   118                           	global	??_main
   119  0079                     ??_main:	; 0 bytes @ 0x9
   120 ;;Data sizes: Strings 0, constant 0, data 0, bss 0, persistent 0 stack 0
   121 ;;Auto spaces:   Size  Autos    Used
   122 ;; COMMON          14      9       9
   123 ;; BANK0           80      0       0
   124 ;; BANK1           80      0       0
   125 ;; BANK3           96      0       0
   126 ;; BANK2           96      0       0
   127                           
   128 ;;
   129 ;; Pointer list with targets:
   130                           
   131                           
   132                           
   133 ;;
   134 ;; Critical Paths under _main in COMMON
   135 ;;
   136 ;;   _main->_DelaySec
   137 ;;   _DelaySec->_DelayMs
   138 ;;
   139 ;; Critical Paths under _main in BANK0
   140 ;;
   141 ;;   None.
   142 ;;
   143 ;; Critical Paths under _main in BANK1
   144 ;;
   145 ;;   None.
   146 ;;
   147 ;; Critical Paths under _main in BANK3
   148 ;;
   149 ;;   None.
   150 ;;
   151 ;; Critical Paths under _main in BANK2
   152 ;;
   153 ;;   None.
   154                           
   155 ;;
   156 ;;Main: autosize = 0, tempsize = 0, incstack = 0, save=0
   157 ;;
   158                           
   159 ;;
   160 ;;Call Graph Tables:
   161 ;;
   162 ;; ---------------------------------------------------------------------------------
   163 ;; (Depth) Function   	        Calls       Base Space   Used Autos Params    Refs
   164 ;; ---------------------------------------------------------------------------------
   165 ;; (0) _main                                                 0     0      0      75
   166 ;;                           _DelaySec
   167 ;; ---------------------------------------------------------------------------------
   168 ;; (1) _DelaySec                                             5     3      2      75
   169 ;;                                              4 COMMON     5     3      2
   170 ;;                            _DelayMs
   171 ;; ---------------------------------------------------------------------------------
   172 ;; (2) _DelayMs                                              4     4      0      45
   173 ;;                                              0 COMMON     4     4      0
   174 ;; ---------------------------------------------------------------------------------
   175 ;; Estimated maximum stack depth 2
   176 ;; ---------------------------------------------------------------------------------
   177                           
   178 ;; Call Graph Graphs:
   179                           
   180 ;; _main (ROOT)
   181 ;;   _DelaySec
   182 ;;     _DelayMs
   183 ;;
   184                           
   185 ;; Address spaces:
   186                           
   187 ;;Name               Size   Autos  Total    Cost      Usage
   188 ;;BITCOMMON            E      0       0       0        0.0%
   189 ;;EEDATA             100      0       0       0        0.0%
   190 ;;NULL                 0      0       0       0        0.0%
   191 ;;CODE                 0      0       0       0        0.0%
   192 ;;COMMON               E      9       9       1       64.3%
   193 ;;BITSFR0              0      0       0       1        0.0%
   194 ;;SFR0                 0      0       0       1        0.0%
   195 ;;BITSFR1              0      0       0       2        0.0%
   196 ;;SFR1                 0      0       0       2        0.0%
   197 ;;STACK                0      0       2       2        0.0%
   198 ;;ABS                  0      0       0       3        0.0%
   199 ;;BITBANK0            50      0       0       4        0.0%
   200 ;;BITSFR3              0      0       0       4        0.0%
   201 ;;SFR3                 0      0       0       4        0.0%
   202 ;;BANK0               50      0       0       5        0.0%
   203 ;;BITSFR2              0      0       0       5        0.0%
   204 ;;SFR2                 0      0       0       5        0.0%
   205 ;;BITBANK1            50      0       0       6        0.0%
   206 ;;BANK1               50      0       0       7        0.0%
   207 ;;BITBANK3            60      0       0       8        0.0%
   208 ;;BANK3               60      0       0       9        0.0%
   209 ;;BITBANK2            60      0       0      10        0.0%
   210 ;;BANK2               60      0       0      11        0.0%
   211 ;;DATA                 0      0       0      12        0.0%
   212                           
   213                           	global	_main
   214                           psect	maintext
   215                           
   216 ;; *************** function _main *****************
   217 ;; Defined at:
   218 ;;		line 9 in file "C:\Users\abdal\Desktop\University\Year 4\Second Semester\Real Time Lab\Experiments and Codes\exp1\le
       dsDemo\ledf.c"
   219 ;; Parameters:    Size  Location     Type
   220 ;;		None
   221 ;; Auto vars:     Size  Location     Type
   222 ;;		None
   223 ;; Return value:  Size  Location     Type
   224 ;;		None               void
   225 ;; Registers used:
   226 ;;		wreg, status,2, status,0, pclath, cstack
   227 ;; Tracked objects:
   228 ;;		On entry : 17F/0
   229 ;;		On exit  : 0/0
   230 ;;		Unchanged: 0/0
   231 ;; Data sizes:     COMMON   BANK0   BANK1   BANK3   BANK2
   232 ;;      Params:         0       0       0       0       0
   233 ;;      Locals:         0       0       0       0       0
   234 ;;      Temps:          0       0       0       0       0
   235 ;;      Totals:         0       0       0       0       0
   236 ;;Total ram usage:        0 bytes
   237 ;; Hardware stack levels required when called:    2
   238 ;; This function calls:
   239 ;;		_DelaySec
   240 ;; This function is called by:
   241 ;;		Startup code after reset
   242 ;; This function uses a non-reentrant model
   243 ;;
   244                           psect	maintext
   245                           	file	"C:\Users\abdal\Desktop\University\Year 4\Second Semester\Real Time Lab\Experiment
                                 s and Codes\exp1\ledsDemo\ledf.c"
   246                           	line	9
   247                           	global	__size_of_main
   248  0040                     	__size_of_main	equ	__end_of_main-_main
   249                           	
   250  07C0                     _main:	
   251                           	opt	stack 6
   252                           ; Regs used in _main: [wreg+status,2+status,0+pclath+cstack]
   253                           	line	10
   254                           	
   255  07C0                     l2629:	
   256                           ;ledf.c: 10: TRISB = 0;
   257  07C0  1683               	bsf	status, 5	;RP0=1, select bank1
   258  07C1  1303               	bcf	status, 6	;RP1=0, select bank1
   259  07C2  0186               	clrf	(134)^080h	;volatile
   260                           	line	11
   261                           ;ledf.c: 11: PORTB=0;
   262  07C3  1283               	bcf	status, 5	;RP0=0, select bank0
   263  07C4  1303               	bcf	status, 6	;RP1=0, select bank0
   264  07C5  0186               	clrf	(6)	;volatile
   265  07C6  2FC7               	goto	l2631
   266                           	line	13
   267                           ;ledf.c: 13: while (1) {
   268                           	
   269  07C7                     l699:	
   270                           	line	15
   271                           	
   272  07C7                     l2631:	
   273                           ;ledf.c: 15: PORTB=0b000000001;
   274  07C7  3001               	movlw	(01h)
   275  07C8  1283               	bcf	status, 5	;RP0=0, select bank0
   276  07C9  1303               	bcf	status, 6	;RP1=0, select bank0
   277  07CA  0086               	movwf	(6)	;volatile
   278                           	line	16
   279                           	
   280  07CB                     l2633:	
   281                           ;ledf.c: 16: DelaySec(1);
   282  07CB  3001               	movlw	low(01h)
   283  07CC  00F4               	movwf	(?_DelaySec)
   284  07CD  3000               	movlw	high(01h)
   285  07CE  00F5               	movwf	((?_DelaySec))+1
   286  07CF  120A  118A  277F   	fcall	_DelaySec
              120A  118A         
   287                           	line	18
   288                           	
   289  07D4                     l2635:	
   290                           ;ledf.c: 18: PORTB=0b00000010;
   291  07D4  3002               	movlw	(02h)
   292  07D5  1283               	bcf	status, 5	;RP0=0, select bank0
   293  07D6  1303               	bcf	status, 6	;RP1=0, select bank0
   294  07D7  0086               	movwf	(6)	;volatile
   295                           	line	19
   296                           	
   297  07D8                     l2637:	
   298                           ;ledf.c: 19: DelaySec(1);
   299  07D8  3001               	movlw	low(01h)
   300  07D9  00F4               	movwf	(?_DelaySec)
   301  07DA  3000               	movlw	high(01h)
   302  07DB  00F5               	movwf	((?_DelaySec))+1
   303  07DC  120A  118A  277F   	fcall	_DelaySec
              120A  118A         
   304                           	line	21
   305                           	
   306  07E1                     l2639:	
   307                           ;ledf.c: 21: PORTB=0b000000100;
   308  07E1  3004               	movlw	(04h)
   309  07E2  1283               	bcf	status, 5	;RP0=0, select bank0
   310  07E3  1303               	bcf	status, 6	;RP1=0, select bank0
   311  07E4  0086               	movwf	(6)	;volatile
   312                           	line	22
   313                           	
   314  07E5                     l2641:	
   315                           ;ledf.c: 22: DelaySec(1);
   316  07E5  3001               	movlw	low(01h)
   317  07E6  00F4               	movwf	(?_DelaySec)
   318  07E7  3000               	movlw	high(01h)
   319  07E8  00F5               	movwf	((?_DelaySec))+1
   320  07E9  120A  118A  277F   	fcall	_DelaySec
              120A  118A         
   321                           	line	24
   322                           	
   323  07EE                     l2643:	
   324                           ;ledf.c: 24: PORTB=0b00001000;
   325  07EE  3008               	movlw	(08h)
   326  07EF  1283               	bcf	status, 5	;RP0=0, select bank0
   327  07F0  1303               	bcf	status, 6	;RP1=0, select bank0
   328  07F1  0086               	movwf	(6)	;volatile
   329                           	line	25
   330                           	
   331  07F2                     l2645:	
   332                           ;ledf.c: 25: DelaySec(1);
   333  07F2  3001               	movlw	low(01h)
   334  07F3  00F4               	movwf	(?_DelaySec)
   335  07F4  3000               	movlw	high(01h)
   336  07F5  00F5               	movwf	((?_DelaySec))+1
   337  07F6  120A  118A  277F   	fcall	_DelaySec
              120A  118A         
   338  07FB  2FC7               	goto	l2631
   339                           	line	27
   340                           	
   341  07FC                     l700:	
   342                           	line	13
   343  07FC  2FC7               	goto	l2631
   344                           	
   345  07FD                     l701:	
   346                           	line	29
   347                           	
   348  07FD                     l702:	
   349                           	global	start
   350  07FD  120A  118A  2800   	ljmp	start
   351                           	opt stack 0
   352                           GLOBAL	__end_of_main
   353  0800                     	__end_of_main:
   354 ;; =============== function _main ends ============
   355                           
   356                           	signat	_main,88
   357                           	global	_DelaySec
   358                           psect	text77,local,class=CODE,delta=2
   359                           global __ptext77
   360  077F                     __ptext77:
   361                           
   362 ;; *************** function _DelaySec *****************
   363 ;; Defined at:
   364 ;;		line 32 in file "C:\Users\abdal\Desktop\University\Year 4\Second Semester\Real Time Lab\Experiments and Codes\exp1\l
       edsDemo\ledf.c"
   365 ;; Parameters:    Size  Location     Type
   366 ;;  sec             2    4[COMMON] int 
   367 ;; Auto vars:     Size  Location     Type
   368 ;;  i               2    7[COMMON] int 
   369 ;; Return value:  Size  Location     Type
   370 ;;		None               void
   371 ;; Registers used:
   372 ;;		wreg, status,2, status,0, pclath, cstack
   373 ;; Tracked objects:
   374 ;;		On entry : 0/0
   375 ;;		On exit  : 0/0
   376 ;;		Unchanged: 0/0
   377 ;; Data sizes:     COMMON   BANK0   BANK1   BANK3   BANK2
   378 ;;      Params:         2       0       0       0       0
   379 ;;      Locals:         2       0       0       0       0
   380 ;;      Temps:          1       0       0       0       0
   381 ;;      Totals:         5       0       0       0       0
   382 ;;Total ram usage:        5 bytes
   383 ;; Hardware stack levels used:    1
   384 ;; Hardware stack levels required when called:    1
   385 ;; This function calls:
   386 ;;		_DelayMs
   387 ;; This function is called by:
   388 ;;		_main
   389 ;; This function uses a non-reentrant model
   390 ;;
   391                           psect	text77
   392                           	file	"C:\Users\abdal\Desktop\University\Year 4\Second Semester\Real Time Lab\Experiment
                                 s and Codes\exp1\ledsDemo\ledf.c"
   393                           	line	32
   394                           	global	__size_of_DelaySec
   395  0020                     	__size_of_DelaySec	equ	__end_of_DelaySec-_DelaySec
   396                           	
   397  077F                     _DelaySec:	
   398                           	opt	stack 6
   399                           ; Regs used in _DelaySec: [wreg+status,2+status,0+pclath+cstack]
   400                           	line	33
   401                           	
   402  077F                     l2621:	
   403                           ;ledf.c: 33: for(int i=0;i<sec;i++)
   404  077F  01F7               	clrf	(DelaySec@i)
   405  0780  01F8               	clrf	(DelaySec@i+1)
   406  0781  2F8F               	goto	l2627
   407                           	line	34
   408                           	
   409  0782                     l706:	
   410                           	
   411  0782                     l2623:	
   412                           ;ledf.c: 34: DelayMs(1000);
   413  0782  30E8               	movlw	(0E8h)
   414  0783  120A  118A  279F   	fcall	_DelayMs
              120A  118A         
   415                           	line	33
   416                           	
   417  0788                     l2625:	
   418  0788  3001               	movlw	low(01h)
   419  0789  07F7               	addwf	(DelaySec@i),f
   420  078A  1803               	skipnc
   421  078B  0AF8               	incf	(DelaySec@i+1),f
   422  078C  3000               	movlw	high(01h)
   423  078D  07F8               	addwf	(DelaySec@i+1),f
   424  078E  2F8F               	goto	l2627
   425                           	
   426  078F                     l705:	
   427                           	
   428  078F                     l2627:	
   429  078F  0878               	movf	(DelaySec@i+1),w
   430  0790  3A80               	xorlw	80h
   431  0791  00F6               	movwf	(??_DelaySec+0)+0
   432  0792  0875               	movf	(DelaySec@sec+1),w
   433  0793  3A80               	xorlw	80h
   434  0794  0276               	subwf	(??_DelaySec+0)+0,w
   435  0795  1D03               	skipz
   436  0796  2F99               	goto	u2255
   437  0797  0874               	movf	(DelaySec@sec),w
   438  0798  0277               	subwf	(DelaySec@i),w
   439  0799                     u2255:
   440                           
   441  0799  1C03               	skipc
   442  079A  2F9C               	goto	u2251
   443  079B  2F9D               	goto	u2250
   444  079C                     u2251:
   445  079C  2F82               	goto	l2623
   446  079D                     u2250:
   447  079D  2F9E               	goto	l708
   448                           	
   449  079E                     l707:	
   450                           	line	35
   451                           	
   452  079E                     l708:	
   453  079E  0008               	return
   454                           	opt stack 0
   455                           GLOBAL	__end_of_DelaySec
   456  079F                     	__end_of_DelaySec:
   457 ;; =============== function _DelaySec ends ============
   458                           
   459                           	signat	_DelaySec,4216
   460                           	global	_DelayMs
   461                           psect	text78,local,class=CODE,delta=2
   462                           global __ptext78
   463  079F                     __ptext78:
   464                           
   465 ;; *************** function _DelayMs *****************
   466 ;; Defined at:
   467 ;;		line 12 in file "C:\Users\abdal\Desktop\University\Year 4\Second Semester\Real Time Lab\Experiments and Codes\exp1\l
       edsDemo\delay.c"
   468 ;; Parameters:    Size  Location     Type
   469 ;;  cnt             1    wreg     unsigned char 
   470 ;; Auto vars:     Size  Location     Type
   471 ;;  cnt             1    1[COMMON] unsigned char 
   472 ;;  _dcnt           1    3[COMMON] unsigned char 
   473 ;;  i               1    2[COMMON] unsigned char 
   474 ;; Return value:  Size  Location     Type
   475 ;;		None               void
   476 ;; Registers used:
   477 ;;		wreg, status,2, status,0
   478 ;; Tracked objects:
   479 ;;		On entry : 0/0
   480 ;;		On exit  : 0/0
   481 ;;		Unchanged: 0/0
   482 ;; Data sizes:     COMMON   BANK0   BANK1   BANK3   BANK2
   483 ;;      Params:         0       0       0       0       0
   484 ;;      Locals:         3       0       0       0       0
   485 ;;      Temps:          1       0       0       0       0
   486 ;;      Totals:         4       0       0       0       0
   487 ;;Total ram usage:        4 bytes
   488 ;; Hardware stack levels used:    1
   489 ;; This function calls:
   490 ;;		Nothing
   491 ;; This function is called by:
   492 ;;		_DelaySec
   493 ;; This function uses a non-reentrant model
   494 ;;
   495                           psect	text78
   496                           	file	"C:\Users\abdal\Desktop\University\Year 4\Second Semester\Real Time Lab\Experiment
                                 s and Codes\exp1\ledsDemo\delay.c"
   497                           	line	12
   498                           	global	__size_of_DelayMs
   499  0021                     	__size_of_DelayMs	equ	__end_of_DelayMs-_DelayMs
   500                           	
   501  079F                     _DelayMs:	
   502                           	opt	stack 6
   503                           ; Regs used in _DelayMs: [wreg+status,2+status,0]
   504                           ;DelayMs@cnt stored from wreg
   505  079F  00F1               	movwf	(DelayMs@cnt)
   506                           	line	21
   507                           ;delay.c: 20: unsigned char i;
   508                           ;delay.c: 21: do {
   509                           	
   510  07A0                     l3:	
   511                           	line	22
   512                           	
   513  07A0                     l1755:	
   514                           ;delay.c: 22: i = 4;
   515  07A0  3004               	movlw	(04h)
   516  07A1  00F0               	movwf	(??_DelayMs+0)+0
   517  07A2  0870               	movf	(??_DelayMs+0)+0,w
   518  07A3  00F2               	movwf	(DelayMs@i)
   519                           	line	23
   520                           ;delay.c: 23: do {
   521                           	
   522  07A4                     l4:	
   523                           	line	24
   524                           ;delay.c: 24: { unsigned char _dcnt; _dcnt = (250)/((12*1000L)/(4*1000L))|1; while(--_dc
                                 nt != 0) continue; };
   525  07A4  3053               	movlw	(053h)
   526  07A5  00F0               	movwf	(??_DelayMs+0)+0
   527  07A6  0870               	movf	(??_DelayMs+0)+0,w
   528  07A7  00F3               	movwf	(DelayMs@_dcnt)
   529  07A8  2FAA               	goto	l1757
   530                           	
   531  07A9                     l6:	
   532  07A9  2FAA               	goto	l1757
   533                           	
   534  07AA                     l5:	
   535                           	
   536  07AA                     l1757:	
   537  07AA  3001               	movlw	low(01h)
   538  07AB  02F3               	subwf	(DelayMs@_dcnt),f
   539  07AC  1D03               	btfss	status,2
   540  07AD  2FAF               	goto	u11
   541  07AE  2FB0               	goto	u10
   542  07AF                     u11:
   543  07AF  2FAA               	goto	l1757
   544  07B0                     u10:
   545  07B0  2FB1               	goto	l1759
   546                           	
   547  07B1                     l7:	
   548                           	line	25
   549                           	
   550  07B1                     l1759:	
   551                           ;delay.c: 25: } while(--i);
   552  07B1  3001               	movlw	low(01h)
   553  07B2  02F2               	subwf	(DelayMs@i),f
   554  07B3  1D03               	btfss	status,2
   555  07B4  2FB6               	goto	u21
   556  07B5  2FB7               	goto	u20
   557  07B6                     u21:
   558  07B6  2FA4               	goto	l4
   559  07B7                     u20:
   560  07B7  2FB8               	goto	l1761
   561                           	
   562  07B8                     l8:	
   563                           	line	26
   564                           	
   565  07B8                     l1761:	
   566                           ;delay.c: 26: } while(--cnt);
   567  07B8  3001               	movlw	low(01h)
   568  07B9  02F1               	subwf	(DelayMs@cnt),f
   569  07BA  1D03               	btfss	status,2
   570  07BB  2FBD               	goto	u31
   571  07BC  2FBE               	goto	u30
   572  07BD                     u31:
   573  07BD  2FA0               	goto	l3
   574  07BE                     u30:
   575  07BE  2FBF               	goto	l10
   576                           	
   577  07BF                     l9:	
   578                           	line	28
   579                           	
   580  07BF                     l10:	
   581  07BF  0008               	return
   582                           	opt stack 0
   583                           GLOBAL	__end_of_DelayMs
   584  07C0                     	__end_of_DelayMs:
   585 ;; =============== function _DelayMs ends ============
   586                           
   587                           	signat	_DelayMs,4216
   588                           psect	text79,local,class=CODE,delta=2
   589                           global __ptext79
   590  0000                     __ptext79:
   591                           	global	btemp
   592  007E                     	btemp set 07Eh
   593                           
   594                           	DABS	1,126,2	;btemp
   595                           	global	wtemp0
   596  007E                     	wtemp0 set btemp


HI-TECH Software PICC Macro Assembler V9.83 build 10920 
Symbol Table                                                                                   Wed Mar 23 02:00:27 2022

                   l3 07A0                     l4 07A4                     l5 07AA                     l6 07A9  
                   l7 07B1                     l8 07B8                     l9 07BF                    l10 07BF  
                  _RD 0C60                    u10 07B0                    u11 07AF                    u20 07B7  
                  u21 07B6                    u30 07BE                    u31 07BD                    _WR 0C61  
                 l700 07FC                   l701 07FD                   l702 07FD                   l705 078F  
                 l706 0782                   l707 079E                   l708 079E                   l699 07C7  
                 _GIE 005F                  l2621 077F                  l2623 0782                  l2631 07C7  
                l1761 07B8                  l2625 0788                  l2641 07E5                  l2633 07CB  
                l1755 07A0                  l2627 078F                  l2643 07EE                  l2635 07D4  
                l1757 07AA                  l2645 07F2                  l2637 07D8                  l2629 07C0  
                l1759 07B1                  l2639 07E1                  u2250 079D                  u2251 079C  
                u2255 0799                  _WREN 0C62                  _main 07C0                  btemp 007E  
                start 0000       __end_of_DelayMs 07C0                 ?_main 0070                 _EEADR 010D  
               _CARRY 0018                 _PORTB 0006                 _TRISB 0086                 status 0003  
               wtemp0 007E      __end_of_DelaySec 079F          __end_of_main 0800                ??_main 0079  
              _EEDATA 010C                _EECON1 018C                _EECON2 018D             ??_DelayMs 0070  
      __pcstackCOMMON 0070             ?_DelaySec 0074            __pmaintext 07C0            ??_DelaySec 0076  
             _DelayMs 079F  end_of_initialization 077B             DelaySec@i 0077          DelayMs@_dcnt 0073  
 start_initialization 077B     __size_of_DelaySec 0020              ?_DelayMs 0070              DelayMs@i 0072  
            _DelaySec 077F           DelaySec@sec 0074      __size_of_DelayMs 0021              __ptext77 077F  
            __ptext78 079F              __ptext79 0000         __size_of_main 0040            DelayMs@cnt 0071  
